2019-09-17 17:02:08.1188 [DEBUG]£ºAddItem_Click  ["156"]
2019-09-17 17:02:08.1777 [DEBUG]£ºOpcClientInsetData
2019-09-17 17:02:08.2774 [DEBUG]£ºAddItem_Click  ["156"]
2019-09-17 17:02:08.2774 [DEBUG]£ºOpcClientInsetData
2019-09-17 17:02:08.4449 [DEBUG]£ºAddItem_Click  ["156"]
2019-09-17 17:02:08.4449 [DEBUG]£ºOpcClientInsetData
2019-09-17 17:02:08.5892 [DEBUG]£ºAddItem_Click  ["156"]
2019-09-17 17:02:08.5892 [DEBUG]£ºOpcClientInsetData
2019-09-17 17:02:08.7492 [DEBUG]£ºAddItem_Click  ["156"]
2019-09-17 17:02:08.7492 [DEBUG]£ºOpcClientInsetData
2019-09-17 17:02:08.8929 [DEBUG]£ºAddItem_Click  ["156"]
2019-09-17 17:02:08.8929 [DEBUG]£ºOpcClientInsetData
2019-09-17 17:02:09.0295 [DEBUG]£ºAddItem_Click  ["156"]
2019-09-17 17:02:09.0305 [DEBUG]£ºOpcClientInsetData
2019-09-17 17:02:09.1971 [DEBUG]£ºAddItem_Click  ["156"]
2019-09-17 17:02:09.1971 [DEBUG]£ºOpcClientInsetData
2019-09-17 17:02:09.8379 [DEBUG]£º-index[4]--
2019-09-17 17:02:11.9238 [DEBUG]£ºnone select item
2019-09-17 17:02:11.9238 [DEBUG]£º-index[6]--
2019-09-17 17:02:14.0363 [DEBUG]£ºnone select item
2019-09-17 17:02:14.0363 [DEBUG]£º-index[1]--
2019-09-17 17:03:11.7989 [DEBUG]£ºAddItem_Click  ["5163451"]
2019-09-17 17:03:11.8473 [DEBUG]£ºOpcClientInsetData
2019-09-17 17:03:11.9570 [DEBUG]£ºAddItem_Click  ["5163451"]
2019-09-17 17:03:11.9570 [DEBUG]£ºOpcClientInsetData
2019-09-17 17:03:12.1176 [DEBUG]£ºAddItem_Click  ["5163451"]
2019-09-17 17:03:12.1176 [DEBUG]£ºOpcClientInsetData
2019-09-17 17:03:12.2612 [DEBUG]£ºAddItem_Click  ["5163451"]
2019-09-17 17:03:12.2612 [DEBUG]£ºOpcClientInsetData
2019-09-17 17:03:12.4138 [DEBUG]£ºAddItem_Click  ["5163451"]
2019-09-17 17:03:12.4138 [DEBUG]£ºOpcClientInsetData
2019-09-17 17:03:12.5584 [DEBUG]£ºAddItem_Click  ["5163451"]
2019-09-17 17:03:12.5584 [DEBUG]£ºOpcClientInsetData
2019-09-17 17:03:12.7250 [DEBUG]£ºAddItem_Click  ["5163451"]
2019-09-17 17:03:12.7250 [DEBUG]£ºOpcClientInsetData
2019-09-17 17:03:12.8854 [DEBUG]£ºAddItem_Click  ["5163451"]
2019-09-17 17:03:12.8854 [DEBUG]£ºOpcClientInsetData
2019-09-17 17:03:16.4771 [DEBUG]£ºListView1_MouseDoubleClick
2019-09-17 17:03:16.4771 [DEBUG]£º-index[6]--
2019-09-17 17:03:21.9728 [DEBUG]£ºListView1_MouseDoubleClick
2019-09-17 17:03:21.9728 [DEBUG]£º-index[3]--
2019-09-17 17:03:24.1644 [DEBUG]£ºListView1_MouseDoubleClick
2019-09-17 17:03:24.1644 [DEBUG]£º-index[1]--
2019-09-17 17:03:26.3321 [DEBUG]£ºListView1_MouseDoubleClick
2019-09-17 17:03:26.3321 [DEBUG]£º-index[5]--
2019-09-17 17:05:44.4716 [DEBUG]£ºAddItem_Click  ["8451632"]
2019-09-17 17:05:44.5165 [DEBUG]£ºOpcClientInsetData
2019-09-17 17:05:44.6302 [DEBUG]£ºAddItem_Click  ["8451632"]
2019-09-17 17:05:44.6302 [DEBUG]£ºOpcClientInsetData
2019-09-17 17:05:44.7898 [DEBUG]£ºAddItem_Click  ["8451632"]
2019-09-17 17:05:44.7898 [DEBUG]£ºOpcClientInsetData
2019-09-17 17:05:44.9500 [DEBUG]£ºAddItem_Click  ["8451632"]
2019-09-17 17:05:44.9500 [DEBUG]£ºOpcClientInsetData
2019-09-17 17:05:45.0936 [DEBUG]£ºAddItem_Click  ["8451632"]
2019-09-17 17:05:45.0936 [DEBUG]£ºOpcClientInsetData
2019-09-17 17:05:45.2292 [DEBUG]£ºAddItem_Click  ["8451632"]
2019-09-17 17:05:45.2292 [DEBUG]£ºOpcClientInsetData
2019-09-17 17:05:45.9806 [DEBUG]£ºListView1_MouseDoubleClick
2019-09-17 17:05:45.9806 [DEBUG]£º-index[4]--Text["8451632"]
2019-09-17 17:05:46.8291 [DEBUG]£ºListView1_MouseDoubleClick
2019-09-17 17:05:46.8291 [DEBUG]£º-index[3]--Text["8451632"]
2019-09-17 17:05:50.1180 [DEBUG]£ºAddItem_Click  ["5648"]
2019-09-17 17:05:50.1180 [DEBUG]£ºOpcClientInsetData
2019-09-17 17:05:50.2775 [DEBUG]£ºAddItem_Click  ["5648"]
2019-09-17 17:05:50.2775 [DEBUG]£ºOpcClientInsetData
2019-09-17 17:05:51.0764 [DEBUG]£ºListView1_MouseDoubleClick
2019-09-17 17:05:51.0774 [DEBUG]£º-index[7]--Text["5648"]
2019-09-17 17:05:51.7642 [DEBUG]£ºListView1_MouseDoubleClick
2019-09-17 17:05:51.7651 [DEBUG]£º-index[8]--Text["5648"]
2019-09-17 17:05:52.7406 [DEBUG]£ºListView1_MouseDoubleClick
2019-09-17 17:05:52.7406 [DEBUG]£º-index[7]--Text["5648"]
2019-09-17 17:05:53.6369 [DEBUG]£ºListView1_MouseDoubleClick
2019-09-17 17:05:53.6369 [DEBUG]£º-index[2]--Text["8451632"]
2019-09-17 17:05:54.1642 [DEBUG]£ºListView1_MouseDoubleClick
2019-09-17 17:05:54.1642 [DEBUG]£º-index[6]--Text["8451632"]
2019-09-17 17:05:54.6847 [DEBUG]£ºListView1_MouseDoubleClick
2019-09-17 17:05:54.6847 [DEBUG]£º-index[7]--Text["5648"]
2019-09-17 17:05:55.5244 [DEBUG]£ºListView1_MouseDoubleClick
2019-09-17 17:05:55.5244 [DEBUG]£º-index[8]--Text["5648"]
2019-09-17 17:06:06.8369 [DEBUG]£ºListView1_MouseDoubleClick
2019-09-17 17:06:06.8369 [DEBUG]£º-index[4]--Text["8451632"]
2019-09-17 17:06:07.8368 [DEBUG]£ºListView1_MouseDoubleClick
2019-09-17 17:06:07.8368 [DEBUG]£º-index[8]--Text["5648"]
2019-09-17 17:06:10.6604 [DEBUG]£ºListView1_MouseDoubleClick
2019-09-17 17:06:10.6604 [DEBUG]£º-index[6]--Text["8451632"]
2019-09-17 17:06:11.9644 [DEBUG]£ºListView1_MouseDoubleClick
2019-09-17 17:06:11.9644 [DEBUG]£º-index[7]--Text["5648"]
