2019-08-07 17:06:29.8985 [DEBUG]：struct Form1
2019-08-07 17:06:29.9424 [DEBUG]：file exist!!
2019-08-07 17:06:29.9619 [DEBUG]：OpenConnection[".\DB\OpcServer.db"]
2019-08-07 17:06:30.0898 [DEBUG]：SkServer[11220]
2019-08-07 17:06:30.1015 [DEBUG]：SkStartListen
2019-08-07 17:06:30.1259 [DEBUG]：IP["0.0.0.0"port[11220]
2019-08-07 17:06:30.1483 [DEBUG]：222
2019-08-07 17:06:30.1532 [DEBUG]：IP["0.0.0.0"port[11220]
2019-08-07 17:06:30.1532 [DEBUG]：开始监听
2019-08-07 17:06:30.1532 [DEBUG]：监听0.0.0.0:11220消息成功
2019-08-07 17:06:30.1688 [DEBUG]： Form1 InitializeComponent end
2019-08-07 17:06:30.1688 [DEBUG]：now listen!!
2019-08-07 17:06:30.1688 [DEBUG]：xmlpath["C:\Users\Administrator\Desktop\onesocketserver\SocketServer\bin\Debug\config\192.168.0.88.xml"]
2019-08-07 17:06:30.1932 [DEBUG]：ret----------------------88------------[true]---------------
2019-08-07 17:06:30.2001 [DEBUG]：xmlpath["C:\Users\Administrator\Desktop\onesocketserver\SocketServer\bin\Debug\config\192.168.0.89.xml"]
2019-08-07 17:06:30.2001 [DEBUG]：ret---------------------89-------------[false]---------------
2019-08-07 17:06:30.2674 [DEBUG]：Form1_Load
2019-08-07 17:06:30.2674 [DEBUG]：OpcServerMain
2019-08-07 17:06:30.3250 [DEBUG]：DbPath[".\DB\OpcServer.db"]
2019-08-07 17:06:30.3250 [DEBUG]：file exist!!
2019-08-07 17:06:30.3435 [DEBUG]：OpenConnection[".\DB\OpcServer.db"]
2019-08-07 17:06:30.3865 [DEBUG]：Open end!!
2019-08-07 17:06:30.4216 [INFO]：**********************************parse xml***************************sss*******************
2019-08-07 17:06:30.4489 [INFO]：-----Start-xmlpath["C:\Users\Administrator\Desktop\onesocketserver\SocketServer\bin\Debug\config\opcserver.xml"]-
2019-08-07 17:06:30.4685 [INFO]：ConfigParseXml  strart
2019-08-07 17:06:30.4851 [INFO]：  server_name["Co.Opc.Server.dl.ql_01"]
2019-08-07 17:06:30.4851 [INFO]：   server_rate[7]name["group1"]
2019-08-07 17:06:30.5056 [INFO]：---------------tagid[1]tagname["test"]
2019-08-07 17:06:30.5153 [INFO]：AppName["Co.Opc.Server.dl.ql_01"]ServerRate[7]
2019-08-07 17:06:30.5153 [INFO]：**********************************parse xml***********************eee***********************
2019-08-07 17:06:30.5319 [DEBUG]：OpcServerLib is demo true
2019-08-07 17:06:30.5319 [INFO]：VendorInfo["ql.co.opc-server.v1.0.0"]ServerRate[7]GUID["{96B01D0F-D4E0-45A9-BFBD-B2E0A052964F}"]AppName["Co.Opc.Server.dl.ql_01"]
2019-08-07 17:06:30.5319 [INFO]：exepath["C:\Users\Administrator\Desktop\onesocketserver\SocketServer\bin\Debug\OpcServer.exe"]ret[false]
2019-08-07 17:06:30.5485 [DEBUG]：UpdateRegistry is false!!!
2019-08-07 17:06:30.5485 [INFO]：startTimer---DataUpdateRate[7]
2019-08-07 17:06:31.5656 [INFO]：startTimer--get db tag data!!
2019-08-07 17:06:31.5977 [DEBUG]：OpcDataGet--Count[2]
2019-08-07 17:06:31.5977 [DEBUG]：-----------------------------------------------sssssssssssss---------------------------------------
2019-08-07 17:06:31.6084 [DEBUG]：key["id"]Value[25]
2019-08-07 17:06:31.6084 [DEBUG]：key["tagid"]Value[10]
2019-08-07 17:06:31.6084 [DEBUG]：key["name"]Value["modbus_quality_mass_flow"]
2019-08-07 17:06:31.6260 [DEBUG]：key["type"]Value[1]
2019-08-07 17:06:31.6260 [DEBUG]：key["value"]Value[0]
2019-08-07 17:06:31.6377 [DEBUG]：key["time"]Value["2019/8/7 17:03:01"]
2019-08-07 17:06:31.6377 [DEBUG]：-----------------------------------------------eeeeeeeeeee---------------------------------------
2019-08-07 17:06:31.6377 [DEBUG]：-----------------------------------------------sssssssssssss---------------------------------------
2019-08-07 17:06:31.6553 [DEBUG]：key["id"]Value[26]
2019-08-07 17:06:31.6553 [DEBUG]：key["tagid"]Value[11]
2019-08-07 17:06:31.6553 [DEBUG]：key["name"]Value["modbus_heat_mass_flow"]
2019-08-07 17:06:31.6719 [DEBUG]：key["type"]Value[1]
2019-08-07 17:06:31.6719 [DEBUG]：key["value"]Value[168463]
2019-08-07 17:06:31.6719 [DEBUG]：key["time"]Value["2019/8/7 17:03:01"]
2019-08-07 17:06:31.6894 [DEBUG]：-----------------------------------------------eeeeeeeeeee---------------------------------------
2019-08-07 17:06:31.6894 [DEBUG]：OpcServerUpdateTag
2019-08-07 17:06:31.7070 [DEBUG]：add new tag
2019-08-07 17:06:31.7070 [ERROR]：opc update data TagId-[10] value0 quality192
2019-08-07 17:06:31.7216 [DEBUG]：add new tag
2019-08-07 17:06:31.7216 [ERROR]：opc update data TagId-[11] value168463 quality192
2019-08-07 17:06:38.5665 [INFO]：startTimer--get db tag data!!
2019-08-07 17:06:38.5841 [DEBUG]：OpcDataGet--Count[2]
2019-08-07 17:06:38.5987 [DEBUG]：-----------------------------------------------sssssssssssss---------------------------------------
2019-08-07 17:06:38.6172 [DEBUG]：key["id"]Value[25]
2019-08-07 17:06:38.6329 [DEBUG]：key["tagid"]Value[10]
2019-08-07 17:06:38.6426 [DEBUG]：key["name"]Value["modbus_quality_mass_flow"]
2019-08-07 17:06:38.6426 [DEBUG]：key["type"]Value[1]
2019-08-07 17:06:38.6641 [DEBUG]：key["value"]Value[0]
2019-08-07 17:06:38.6709 [DEBUG]：key["time"]Value["2019/8/7 17:03:01"]
2019-08-07 17:06:38.6709 [DEBUG]：-----------------------------------------------eeeeeeeeeee---------------------------------------
2019-08-07 17:06:38.6943 [DEBUG]：-----------------------------------------------sssssssssssss---------------------------------------
2019-08-07 17:06:38.7031 [DEBUG]：key["id"]Value[26]
2019-08-07 17:06:38.7031 [DEBUG]：key["tagid"]Value[11]
2019-08-07 17:06:38.7207 [DEBUG]：key["name"]Value["modbus_heat_mass_flow"]
2019-08-07 17:06:38.7207 [DEBUG]：key["type"]Value[1]
2019-08-07 17:06:38.7363 [DEBUG]：key["value"]Value[168463]
2019-08-07 17:06:38.7480 [DEBUG]：key["time"]Value["2019/8/7 17:03:01"]
2019-08-07 17:06:38.7480 [DEBUG]：-----------------------------------------------eeeeeeeeeee---------------------------------------
2019-08-07 17:06:38.7656 [DEBUG]：OpcServerUpdateTag
2019-08-07 17:06:38.7656 [ERROR]：opc update data TagId-[10] value0 quality192
2019-08-07 17:06:38.7832 [ERROR]：opc update data TagId-[11] value168463 quality192
2019-08-07 17:06:42.7580 [DEBUG]：conn ip ["192.168.0.88"]
2019-08-07 17:06:42.7873 [DEBUG]：there is a client!!
2019-08-07 17:06:42.8029 [DEBUG]：ConnedNotification--ip["192.168.0.88"]IsExistPath[".\config\192.168.0.88.xml"]
2019-08-07 17:06:42.8234 [DEBUG]：xmlpath["C:\Users\Administrator\Desktop\onesocketserver\SocketServer\bin\Debug\config\192.168.0.88.xml"]
2019-08-07 17:06:42.8341 [INFO]：ConfigParseXml  strart
2019-08-07 17:06:42.8429 [INFO]：--pp-------------tagid[10]tagname["modbus_quality_mass_flow"]
2019-08-07 17:06:42.8429 [INFO]：--pp-------------tagid[11]tagname["modbus_heat_mass_flow"]
2019-08-07 17:06:42.8673 [DEBUG]：changeIpdev--ipstr["IP:--192.168.0.88"]
2019-08-07 17:06:42.8761 [DEBUG]：thie file is exist!!!
2019-08-07 17:06:43.8834 [DEBUG]：CoSendFile--ip["192.168.0.88"]path[".\config\192.168.0.88.xml"]
2019-08-07 17:06:43.8980 [DEBUG]：CoSendFile end
2019-08-07 17:06:43.8980 [DEBUG]：ConnedNotification end
2019-08-07 17:06:43.9087 [DEBUG]：now listen!!
2019-08-07 17:06:43.9087 [DEBUG]：ReceiveMessage
2019-08-07 17:06:43.9204 [DEBUG]：ip["192.168.0.88"]
2019-08-07 17:06:44.1655 [DEBUG]：Connected[true]get data lenth[16]
2019-08-07 17:06:44.1712 [DEBUG]：get buffer client["192.168.0.88:41265"]
2019-08-07 17:06:44.1712 [DEBUG]：set msg["FE-FE-02-0A-00-00-00-00-00-0B-00-C0-83-24-48-FE"]
2019-08-07 17:06:44.1712 [DEBUG]：DevCount [2] 
2019-08-07 17:06:44.1888 [DEBUG]：OneTagdata["0A-00-00-00-00-00"]
2019-08-07 17:06:44.2005 [DEBUG]：tag info ID[10]value[0]
2019-08-07 17:06:44.2005 [DEBUG]：TagStr["10:0"]
2019-08-07 17:06:44.2005 [DEBUG]：OneTagdata["0B-00-C0-83-24-48"]
2019-08-07 17:06:44.2181 [DEBUG]：tag info ID[11]value[168463]
2019-08-07 17:06:44.2181 [DEBUG]：TagStr["11:168463"]
2019-08-07 17:06:44.2376 [DEBUG]：updateDevInfo---ip["192.168.0.88"]
2019-08-07 17:06:44.2376 [DEBUG]：SkUpdateTime  name["modbus_quality_mass_flow"]ip["192.168.0.88"]
2019-08-07 17:06:44.2513 [ERROR]：not need to update!!
2019-08-07 17:06:44.2513 [DEBUG]：TagStr["10:0"]
2019-08-07 17:06:44.2630 [DEBUG]：SkUpdateTime  name["modbus_heat_mass_flow"]ip["192.168.0.88"]
2019-08-07 17:06:44.2630 [ERROR]：not need to update!!
2019-08-07 17:06:44.2630 [DEBUG]：TagStr["11:168463"]
2019-08-07 17:06:44.2815 [DEBUG]：OpcDateWrite
2019-08-07 17:06:44.2815 [DEBUG]：ReplaceReplaceReplaceReplaceReplace
2019-08-07 17:06:44.2942 [DEBUG]： after buf[REPLACE INTO opc_tag ( tagid,name,type,value,time) values ( @tagid,@name,@type,@value,@time )]
2019-08-07 17:06:44.2942 [DEBUG]：sql["REPLACE INTO opc_tag ( tagid,name,type,value,time) values ( @tagid,@name,@type,@value,@time )"]
2019-08-07 17:06:44.3313 [DEBUG]：c[2]
2019-08-07 17:06:45.5669 [INFO]：startTimer--get db tag data!!
2019-08-07 17:06:45.5669 [DEBUG]：OpcDataGet--Count[2]
2019-08-07 17:06:45.5815 [DEBUG]：-----------------------------------------------sssssssssssss---------------------------------------
2019-08-07 17:06:45.5815 [DEBUG]：key["id"]Value[27]
2019-08-07 17:06:45.5962 [DEBUG]：key["tagid"]Value[10]
2019-08-07 17:06:45.5962 [DEBUG]：key["name"]Value["modbus_quality_mass_flow"]
2019-08-07 17:06:45.6089 [DEBUG]：key["type"]Value[1]
2019-08-07 17:06:45.6089 [DEBUG]：key["value"]Value[0]
2019-08-07 17:06:45.6089 [DEBUG]：key["time"]Value["2019/8/7 17:06:44"]
2019-08-07 17:06:45.6284 [DEBUG]：-----------------------------------------------eeeeeeeeeee---------------------------------------
2019-08-07 17:06:45.6284 [DEBUG]：-----------------------------------------------sssssssssssss---------------------------------------
2019-08-07 17:06:45.6401 [DEBUG]：key["id"]Value[28]
2019-08-07 17:06:45.6401 [DEBUG]：key["tagid"]Value[11]
2019-08-07 17:06:45.6401 [DEBUG]：key["name"]Value["modbus_heat_mass_flow"]
2019-08-07 17:06:45.6567 [DEBUG]：key["type"]Value[1]
2019-08-07 17:06:45.6567 [DEBUG]：key["value"]Value[168463]
2019-08-07 17:06:45.6567 [DEBUG]：key["time"]Value["2019/8/7 17:06:44"]
2019-08-07 17:06:45.6733 [DEBUG]：-----------------------------------------------eeeeeeeeeee---------------------------------------
2019-08-07 17:06:45.6733 [DEBUG]：OpcServerUpdateTag
2019-08-07 17:06:45.6733 [ERROR]：opc update data TagId-[10] value0 quality192
2019-08-07 17:06:45.6899 [ERROR]：opc update data TagId-[11] value168463 quality192
2019-08-07 17:06:47.4691 [DEBUG]：form1_closed
