2019-07-22 18:43:06.6261 [DEBUG]：struct Form1
2019-07-22 18:43:06.7588 [DEBUG]：SkServer[11220]
2019-07-22 18:43:06.8125 [DEBUG]：SkStartListen
2019-07-22 18:43:06.8272 [DEBUG]：111111
2019-07-22 18:43:06.8272 [DEBUG]：IP["0.0.0.0"port[11220]
2019-07-22 18:43:06.8750 [DEBUG]：222
2019-07-22 18:43:06.8769 [DEBUG]：IP["0.0.0.0"port[11220]
2019-07-22 18:43:06.8769 [DEBUG]：开始监听
2019-07-22 18:43:06.8769 [DEBUG]：监听0.0.0.0:11220消息成功
2019-07-22 18:43:06.8769 [DEBUG]：struct Form1  end
2019-07-22 18:43:06.8769 [DEBUG]：now listen!!
2019-07-22 18:45:41.2572 [DEBUG]：form1_closed
2019-07-22 18:50:12.1725 [DEBUG]：struct Form1
2019-07-22 18:50:12.2794 [DEBUG]：SkServer[11220]
2019-07-22 18:50:12.3326 [DEBUG]：SkStartListen
2019-07-22 18:50:12.3560 [DEBUG]：111111
2019-07-22 18:50:12.3560 [DEBUG]：IP["0.0.0.0"port[11220]
2019-07-22 18:50:12.4190 [DEBUG]：222
2019-07-22 18:50:12.4190 [DEBUG]：IP["0.0.0.0"port[11220]
2019-07-22 18:50:12.4190 [DEBUG]：开始监听
2019-07-22 18:50:12.4190 [DEBUG]：监听0.0.0.0:11220消息成功
2019-07-22 18:50:12.4278 [DEBUG]：struct Form1  end
2019-07-22 18:50:12.4278 [DEBUG]：now listen!!
2019-07-22 18:51:10.3993 [DEBUG]：Label1_Click
2019-07-22 18:51:10.3993 [DEBUG]：Key[1]
2019-07-22 18:51:10.3993 [DEBUG]：Key[2]
2019-07-22 18:51:10.3993 [DEBUG]：Key[3]
2019-07-22 18:51:10.3993 [DEBUG]：Key[4]
2019-07-22 18:51:10.3993 [DEBUG]：Key[5]
2019-07-22 18:51:10.3993 [DEBUG]：Key[6]
2019-07-22 18:51:10.4091 [DEBUG]：Key[7]
2019-07-22 18:51:10.4091 [DEBUG]：Key[8]
2019-07-22 18:51:10.4091 [DEBUG]：Key[9]
2019-07-22 18:51:10.4091 [DEBUG]：Key[10]
2019-07-22 18:51:10.4091 [DEBUG]：Key[11]
2019-07-22 18:51:10.4091 [DEBUG]：Key[12]
2019-07-22 18:51:10.4091 [DEBUG]：Key[13]
2019-07-22 18:51:10.4091 [DEBUG]：Key[14]
2019-07-22 18:51:10.4091 [DEBUG]：Key[15]
2019-07-22 18:51:10.4091 [DEBUG]：Key[16]
2019-07-22 18:51:10.4237 [DEBUG]：Key[17]
2019-07-22 18:51:10.4237 [DEBUG]：Key[18]
2019-07-22 18:51:10.4237 [DEBUG]：Key[19]
2019-07-22 18:51:10.4237 [DEBUG]：Key[20]
2019-07-22 19:08:07.6764 [DEBUG]：form1_closed
2019-07-22 19:18:33.3764 [DEBUG]：struct Form1
2019-07-22 19:18:33.4886 [DEBUG]：SkServer[11220]
2019-07-22 19:18:33.5374 [DEBUG]：SkStartListen
2019-07-22 19:18:33.5608 [DEBUG]：111111
2019-07-22 19:18:33.5608 [DEBUG]：IP["0.0.0.0"port[11220]
2019-07-22 19:18:33.6096 [DEBUG]：222
2019-07-22 19:18:33.6096 [DEBUG]：IP["0.0.0.0"port[11220]
2019-07-22 19:18:33.6116 [DEBUG]：开始监听
2019-07-22 19:18:33.6116 [DEBUG]：监听0.0.0.0:11220消息成功
2019-07-22 19:18:33.6116 [DEBUG]：struct Form1  end
2019-07-22 19:18:33.6116 [DEBUG]：now listen!!
2019-07-22 19:18:34.7573 [DEBUG]：Label1_Click
2019-07-22 19:18:34.7573 [DEBUG]：Key[11]
2019-07-22 19:18:34.7573 [DEBUG]：Key[12]
2019-07-22 19:18:34.7573 [DEBUG]：Key[13]
2019-07-22 19:18:34.7573 [DEBUG]：Key[21]
2019-07-22 19:18:34.7573 [DEBUG]：Key[22]
2019-07-22 19:18:34.7573 [DEBUG]：Key[23]
2019-07-22 19:18:34.7573 [DEBUG]：Key[31]
2019-07-22 19:18:34.7573 [DEBUG]：Key[32]
2019-07-22 19:18:34.7573 [DEBUG]：Key[33]
2019-07-22 19:18:45.6424 [DEBUG]：form1_closed
