2019-07-05 17:24:17.4838 [DEBUG]：9999999999999999999999999999
2019-07-05 17:24:17.5912 [DEBUG]：SkServer[11220]
2019-07-05 17:28:13.9196 [DEBUG]：9999999999999999999999999999
2019-07-05 17:28:14.0260 [DEBUG]：SkServer[11220]
2019-07-05 17:28:39.6314 [DEBUG]：9999999999999999999999999999
2019-07-05 17:28:39.7378 [DEBUG]：SkServer[11220]
2019-07-05 17:28:39.7671 [DEBUG]：SkStartListen
2019-07-05 17:29:50.0840 [DEBUG]：9999999999999999999999999999
2019-07-05 17:29:50.2265 [DEBUG]：SkServer[11220]
2019-07-05 17:29:50.2578 [DEBUG]：SkStartListen
2019-07-05 17:29:50.2734 [DEBUG]：111111
2019-07-05 17:30:16.0839 [DEBUG]：9999999999999999999999999999
2019-07-05 17:30:16.1913 [DEBUG]：SkServer[11220]
2019-07-05 17:30:16.2254 [DEBUG]：SkStartListen
2019-07-05 17:30:16.2352 [DEBUG]：111111
2019-07-05 17:30:16.2352 [DEBUG]：IP["0:0:0:0"port[11220]
2019-07-05 17:30:50.6453 [DEBUG]：9999999999999999999999999999
2019-07-05 17:30:50.7898 [DEBUG]：SkServer[11220]
2019-07-05 17:30:50.8298 [DEBUG]：SkStartListen
2019-07-05 17:30:50.8298 [DEBUG]：111111
2019-07-05 17:30:50.8298 [DEBUG]：IP["0:0:0:0"port[11220]
2019-07-05 17:40:01.8106 [DEBUG]：9999999999999999999999999999
2019-07-05 17:40:01.9424 [DEBUG]：SkServer[11220]
2019-07-05 17:40:01.9716 [DEBUG]：SkStartListen
2019-07-05 17:40:01.9716 [DEBUG]：111111
2019-07-05 17:40:01.9716 [DEBUG]：IP["0:0:0:0"port[11220]
2019-07-05 17:40:02.0087 [DEBUG]：error:["System.FormatException: 指定了无效的 IP 地址。 ---> System.Net.Sockets.SocketException: 提供了一个无效的参数。
   --- 内部异常堆栈跟踪的结尾 ---
   在 System.Net.IPAddress.InternalParse(String ipString, Boolean tryParse)
   在 SkKit.SkServer.SkStartListen() 位置 C:\Users\Administrator\Desktop\onesocketserver\SkKit\SkServer.cs:行号 39"]
2019-07-05 17:40:02.0263 [DEBUG]：IP["0:0:0:0"port[11220]
2019-07-05 17:40:02.0263 [DEBUG]：开始监听
2019-07-05 17:42:32.2486 [DEBUG]：9999999999999999999999999999
2019-07-05 17:42:32.4175 [DEBUG]：SkServer[11220]
2019-07-05 17:42:32.4653 [DEBUG]：SkStartListen
2019-07-05 17:42:32.4790 [DEBUG]：111111
2019-07-05 17:42:32.4790 [DEBUG]：IP["0.0.0.0"port[11220]
2019-07-05 17:42:32.5287 [DEBUG]：222
2019-07-05 17:42:32.5287 [DEBUG]：IP["0.0.0.0"port[11220]
2019-07-05 17:42:32.5307 [DEBUG]：开始监听
2019-07-05 17:42:32.5307 [DEBUG]：监听0.0.0.0:11220消息成功
2019-07-05 17:42:32.5307 [DEBUG]：now listen!!
2019-07-05 17:43:19.7575 [DEBUG]：there is a listen!!
2019-07-05 17:43:19.7575 [DEBUG]：now listen!!
2019-07-05 17:43:19.7575 [DEBUG]：ReceiveMessage
