2019-07-17 11:54:19.4467 [DEBUG]£ºserialin -Text--["3"]------
2019-07-17 11:54:19.4721 [DEBUG]£ºserialin -int--[true]------
2019-07-17 11:54:19.4721 [DEBUG]£ºDserial-[3]------
2019-07-17 11:54:20.0225 [DEBUG]£º-------Button1_Click---serialcert.Text--["COM3"]--
2019-07-17 11:54:20.0225 [DEBUG]£º-------------str:"COM10"-----------------------
2019-07-17 11:54:20.0225 [DEBUG]£º-------------str:"COM11"-----------------------
2019-07-17 11:54:20.0225 [DEBUG]£º-------------str:"COM3"-----------------------
2019-07-17 11:54:20.0225 [DEBUG]£º------tttt-------srl:"COM3"-----------------------
2019-07-17 11:54:20.0352 [INFO]£º---por attr---"COM3"--1200--8---1--0------------
2019-07-17 11:54:20.8970 [DEBUG]£ºaddrin -Text--["3"]------
2019-07-17 11:54:20.8970 [DEBUG]£ºaddrin -int--[3]------
2019-07-17 11:54:20.8970 [DEBUG]£º-----------------------sendframe["W3PDQH&PDI+"]--------
2019-07-17 11:54:21.7676 [DEBUG]£ºsend-frame ["W3PDQH&PDI+"]------
2019-07-17 11:54:21.7676 [DEBUG]£º---------1--------------s[57]--------
2019-07-17 11:54:21.7676 [DEBUG]£º---------1--------------s[33]--------
2019-07-17 11:54:21.7676 [DEBUG]£º---------1--------------s[50]--------
2019-07-17 11:54:21.7676 [DEBUG]£º---------1--------------s[44]--------
2019-07-17 11:54:21.7676 [DEBUG]£º---------1--------------s[51]--------
2019-07-17 11:54:21.7676 [DEBUG]£º---------1--------------s[48]--------
2019-07-17 11:54:21.7676 [DEBUG]£º---------1--------------s[26]--------
2019-07-17 11:54:21.7676 [DEBUG]£º---------1--------------s[50]--------
2019-07-17 11:54:21.7676 [DEBUG]£º---------1--------------s[44]--------
2019-07-17 11:54:21.7676 [DEBUG]£º---------1--------------s[49]--------
2019-07-17 11:54:21.7676 [DEBUG]£º---------1--------------s[2b]--------
2019-07-17 11:54:21.7676 [DEBUG]£º---------1--------------s[0d]--------
2019-07-17 11:54:21.7676 [DEBUG]£º------------2-----------s[57]--------
2019-07-17 11:54:21.7676 [DEBUG]£º------------2-----------s[33]--------
2019-07-17 11:54:21.7676 [DEBUG]£º------------2-----------s[50]--------
2019-07-17 11:54:21.7676 [DEBUG]£º------------2-----------s[44]--------
2019-07-17 11:54:21.7676 [DEBUG]£º------------2-----------s[51]--------
2019-07-17 11:54:21.7823 [DEBUG]£º------------2-----------s[48]--------
2019-07-17 11:54:21.7823 [DEBUG]£º------------2-----------s[26]--------
2019-07-17 11:54:21.7823 [DEBUG]£º------------2-----------s[50]--------
2019-07-17 11:54:21.7823 [DEBUG]£º------------2-----------s[44]--------
2019-07-17 11:54:21.7823 [DEBUG]£º------------2-----------s[49]--------
2019-07-17 11:54:21.7823 [DEBUG]£º------------2-----------s[2b]--------
2019-07-17 11:54:21.7823 [DEBUG]£º------------2-----------s[0d]--------
2019-07-17 11:54:21.7823 [DEBUG]£ºParsedevValue
2019-07-17 11:54:21.7823 [DEBUG]£ºidx [21]  Length[41]
2019-07-17 11:54:21.7823 [DEBUG]£ºres ["-1.000000E+03m"]
2019-07-17 11:54:21.7823 [DEBUG]£ºidx [41]  Length[41]
2019-07-17 11:54:21.7823 [DEBUG]£ºres ["+2.000000E+08m"]
2019-07-17 11:54:21.7823 [DEBUG]£ºvvvvvvvvvvv[-1000.000]
2019-07-17 11:54:21.7823 [DEBUG]£ºdata["-1.000000E+03"]v[-1000.000]ToString["-1000.000"]
2019-07-17 11:54:21.7979 [DEBUG]£ºChangeDataToD   [-1000, 0]
2019-07-17 11:54:21.7979 [DEBUG]£ºvvvvvvvvvvv[200000000]
2019-07-17 11:54:21.7979 [DEBUG]£ºdata["+2.000000E+08"]v[200000000]ToString["200000000"]
2019-07-17 11:54:21.7979 [DEBUG]£ºChangeDataToD   [-1000, 2E+08]
2019-07-17 11:54:21.7979 [DEBUG]£ºs[-1000]cont[0]
2019-07-17 11:54:49.7742 [DEBUG]£ºform1_closed
2019-07-17 12:01:53.7170 [DEBUG]£ºInitializeComponent--
2019-07-17 12:01:56.0829 [DEBUG]£ºserialin -Text--["3"]------
2019-07-17 12:01:56.1082 [DEBUG]£ºserialin -int--[true]------
2019-07-17 12:01:56.1112 [DEBUG]£ºDserial-[3]------
2019-07-17 12:01:56.6792 [DEBUG]£º-------Button1_Click---serialcert.Text--["COM3"]--
2019-07-17 12:01:56.6792 [DEBUG]£º-------------str:"COM10"-----------------------
2019-07-17 12:01:56.6792 [DEBUG]£º-------------str:"COM11"-----------------------
2019-07-17 12:01:56.6792 [DEBUG]£º-------------str:"COM3"-----------------------
2019-07-17 12:01:56.6792 [DEBUG]£º------tttt-------srl:"COM3"-----------------------
2019-07-17 12:01:56.6792 [INFO]£º---por attr---"COM3"--1200--8---1--0------------
2019-07-17 12:01:57.5254 [DEBUG]£ºaddrin -Text--["3"]------
2019-07-17 12:01:57.5254 [DEBUG]£ºaddrin -int--[3]------
2019-07-17 12:01:57.5254 [DEBUG]£º-----------------------sendframe["W3PDQH&PDI+"]--------
2019-07-17 12:01:58.1979 [DEBUG]£ºsend-frame ["W3PDQH&PDI+"]------
2019-07-17 12:01:58.1979 [DEBUG]£º---------1--------------s[57]--------
2019-07-17 12:01:58.1979 [DEBUG]£º---------1--------------s[33]--------
2019-07-17 12:01:58.1979 [DEBUG]£º---------1--------------s[50]--------
2019-07-17 12:01:58.1979 [DEBUG]£º---------1--------------s[44]--------
2019-07-17 12:01:58.2047 [DEBUG]£º---------1--------------s[51]--------
2019-07-17 12:01:58.2047 [DEBUG]£º---------1--------------s[48]--------
2019-07-17 12:01:58.2047 [DEBUG]£º---------1--------------s[26]--------
2019-07-17 12:01:58.2047 [DEBUG]£º---------1--------------s[50]--------
2019-07-17 12:01:58.2047 [DEBUG]£º---------1--------------s[44]--------
2019-07-17 12:01:58.2047 [DEBUG]£º---------1--------------s[49]--------
2019-07-17 12:01:58.2047 [DEBUG]£º---------1--------------s[2b]--------
2019-07-17 12:01:58.2047 [DEBUG]£º---------1--------------s[0d]--------
2019-07-17 12:01:58.2047 [DEBUG]£º------------2-----------s[57]--------
2019-07-17 12:01:58.2047 [DEBUG]£º------------2-----------s[33]--------
2019-07-17 12:01:58.2047 [DEBUG]£º------------2-----------s[50]--------
2019-07-17 12:01:58.2047 [DEBUG]£º------------2-----------s[44]--------
2019-07-17 12:01:58.2047 [DEBUG]£º------------2-----------s[51]--------
2019-07-17 12:01:58.2047 [DEBUG]£º------------2-----------s[48]--------
2019-07-17 12:01:58.2047 [DEBUG]£º------------2-----------s[26]--------
2019-07-17 12:01:58.2047 [DEBUG]£º------------2-----------s[50]--------
2019-07-17 12:01:58.2047 [DEBUG]£º------------2-----------s[44]--------
2019-07-17 12:01:58.2047 [DEBUG]£º------------2-----------s[49]--------
2019-07-17 12:01:58.2047 [DEBUG]£º------------2-----------s[2b]--------
2019-07-17 12:01:58.2047 [DEBUG]£º------------2-----------s[0d]--------
2019-07-17 12:01:58.2047 [DEBUG]£ºParsedevValue
2019-07-17 12:01:58.2213 [DEBUG]£ºidx [21]  Length[41]
2019-07-17 12:01:58.2213 [DEBUG]£ºres ["-1.000000E+03m"]
2019-07-17 12:01:58.2213 [DEBUG]£ºidx [41]  Length[41]
2019-07-17 12:01:58.2213 [DEBUG]£ºres ["+2.000000E+08m"]
2019-07-17 12:01:58.2213 [DEBUG]£ºvvvvvvvvvvv[-1000.000]
2019-07-17 12:01:58.2213 [DEBUG]£ºdata["-1.000000E+03"]v[-1000.000]ToString["-1000.000"]
2019-07-17 12:01:58.2213 [DEBUG]£ºto[-1000]v[-1000]
2019-07-17 12:01:58.2213 [DEBUG]£ºChangeDataToD   [-1000, 0]
2019-07-17 12:01:58.2437 [DEBUG]£ºvvvvvvvvvvv[200000000]
2019-07-17 12:01:58.2437 [DEBUG]£ºdata["+2.000000E+08"]v[200000000]ToString["200000000"]
2019-07-17 12:01:58.2437 [DEBUG]£ºto[2E+08]v[2E+08]
2019-07-17 12:01:58.2437 [DEBUG]£ºChangeDataToD   [-1000, 2E+08]
2019-07-17 12:01:58.2437 [DEBUG]£ºs[-1000]cont[0]
2019-07-17 12:03:25.6099 [DEBUG]£ºform1_closed
2019-07-17 12:05:51.5869 [DEBUG]£ºInitializeComponent--
2019-07-17 12:05:54.0328 [DEBUG]£ºserialin -Text--["3"]------
2019-07-17 12:05:54.0582 [DEBUG]£ºserialin -int--[true]------
2019-07-17 12:05:54.0582 [DEBUG]£ºDserial-[3]------
2019-07-17 12:05:54.3920 [DEBUG]£º-------Button1_Click---serialcert.Text--["COM3"]--
2019-07-17 12:05:54.3920 [DEBUG]£º-------------str:"COM10"-----------------------
2019-07-17 12:05:54.3920 [DEBUG]£º-------------str:"COM11"-----------------------
2019-07-17 12:05:54.3920 [DEBUG]£º-------------str:"COM3"-----------------------
2019-07-17 12:05:54.3920 [DEBUG]£º------tttt-------srl:"COM3"-----------------------
2019-07-17 12:05:54.3920 [INFO]£º---por attr---"COM3"--1200--8---1--0------------
2019-07-17 12:05:55.1269 [DEBUG]£ºaddrin -Text--["3"]------
2019-07-17 12:05:55.1269 [DEBUG]£ºaddrin -int--[3]------
2019-07-17 12:05:55.1269 [DEBUG]£º-----------------------sendframe["W3PDQH&PDI+"]--------
2019-07-17 12:05:55.8638 [DEBUG]£ºsend-frame ["W3PDQH&PDI+"]------
2019-07-17 12:05:55.8638 [DEBUG]£º---------1--------------s[57]--------
2019-07-17 12:05:55.8638 [DEBUG]£º---------1--------------s[33]--------
2019-07-17 12:05:55.8638 [DEBUG]£º---------1--------------s[50]--------
2019-07-17 12:05:55.8638 [DEBUG]£º---------1--------------s[44]--------
2019-07-17 12:05:55.8638 [DEBUG]£º---------1--------------s[51]--------
2019-07-17 12:05:55.8638 [DEBUG]£º---------1--------------s[48]--------
2019-07-17 12:05:55.8638 [DEBUG]£º---------1--------------s[26]--------
2019-07-17 12:05:55.8638 [DEBUG]£º---------1--------------s[50]--------
2019-07-17 12:05:55.8638 [DEBUG]£º---------1--------------s[44]--------
2019-07-17 12:05:55.8638 [DEBUG]£º---------1--------------s[49]--------
2019-07-17 12:05:55.8638 [DEBUG]£º---------1--------------s[2b]--------
2019-07-17 12:05:55.8638 [DEBUG]£º---------1--------------s[0d]--------
2019-07-17 12:05:55.8638 [DEBUG]£º------------2-----------s[57]--------
2019-07-17 12:05:55.8638 [DEBUG]£º------------2-----------s[33]--------
2019-07-17 12:05:55.8638 [DEBUG]£º------------2-----------s[50]--------
2019-07-17 12:05:55.8638 [DEBUG]£º------------2-----------s[44]--------
2019-07-17 12:05:55.8765 [DEBUG]£º------------2-----------s[51]--------
2019-07-17 12:05:55.8765 [DEBUG]£º------------2-----------s[48]--------
2019-07-17 12:05:55.8765 [DEBUG]£º------------2-----------s[26]--------
2019-07-17 12:05:55.8765 [DEBUG]£º------------2-----------s[50]--------
2019-07-17 12:05:55.8765 [DEBUG]£º------------2-----------s[44]--------
2019-07-17 12:05:55.8765 [DEBUG]£º------------2-----------s[49]--------
2019-07-17 12:05:55.8765 [DEBUG]£º------------2-----------s[2b]--------
2019-07-17 12:05:55.8765 [DEBUG]£º------------2-----------s[0d]--------
2019-07-17 12:05:55.8765 [DEBUG]£ºParsedevValue
2019-07-17 12:05:55.8765 [DEBUG]£ºidx [21]  Length[41]
2019-07-17 12:05:55.8765 [DEBUG]£ºres ["-1.000000E+03m"]
2019-07-17 12:05:55.8765 [DEBUG]£ºidx [41]  Length[41]
2019-07-17 12:05:55.8765 [DEBUG]£ºres ["+2.000000E+08m"]
2019-07-17 12:05:55.8765 [DEBUG]£ºvvvvvvvvvvv[-1000.000]
2019-07-17 12:05:55.8765 [DEBUG]£ºdata["-1.000000E+03"]v[-1000.000]ToString["-1000.000"]
2019-07-17 12:05:55.8921 [DEBUG]£ºto[-1000]v[-1000]
2019-07-17 12:05:55.8921 [DEBUG]£ºChangeDataToD   [-1000, 0]
2019-07-17 12:05:55.8921 [DEBUG]£ºvvvvvvvvvvv[200000000]
2019-07-17 12:05:55.8921 [DEBUG]£ºdata["+2.000000E+08"]v[200000000]ToString["200000000"]
2019-07-17 12:05:55.8921 [DEBUG]£ºto[2E+08]v[2E+08]
2019-07-17 12:05:55.9077 [DEBUG]£ºChangeDataToD   [-1000, 2E+08]
2019-07-17 12:05:55.9077 [DEBUG]£ºs[-1000]cont[0]
2019-07-17 12:05:55.9077 [DEBUG]£ºs[2E+08]cont[1]
2019-07-17 13:23:11.8826 [DEBUG]£ºform1_closed
