2019-07-16 17:37:32.5365 [DEBUG]£ºserialin -Text--["3"]------
2019-07-16 17:37:32.5707 [DEBUG]£ºserialin -int--[true]------
2019-07-16 17:37:32.5707 [DEBUG]£ºDserial-[3]------
2019-07-16 17:37:33.6775 [DEBUG]£º-------Button1_Click---serialcert.Text--["COM3"]--
2019-07-16 17:37:33.6775 [DEBUG]£º-------------str:"COM10"-----------------------
2019-07-16 17:37:33.6775 [DEBUG]£º-------------str:"COM11"-----------------------
2019-07-16 17:37:33.6775 [DEBUG]£º-------------str:"COM3"-----------------------
2019-07-16 17:37:33.6775 [DEBUG]£º------tttt-------srl:"COM3"-----------------------
2019-07-16 17:37:33.6921 [INFO]£º---por attr---"COM3"--1200--8---1--0------------
2019-07-16 17:37:36.5596 [DEBUG]£ºaddrin -Text--["3"]------
2019-07-16 17:37:36.5596 [DEBUG]£ºaddrin -int--[3]------
2019-07-16 17:40:01.8521 [DEBUG]£ºform1_closed
2019-07-16 17:40:07.5315 [DEBUG]£ºInitializeComponent--
2019-07-16 17:40:09.7997 [DEBUG]£ºserialin -Text--["3"]------
2019-07-16 17:40:09.8221 [DEBUG]£ºserialin -int--[true]------
2019-07-16 17:40:09.8221 [DEBUG]£ºDserial-[3]------
2019-07-16 17:40:10.5239 [DEBUG]£º-------Button1_Click---serialcert.Text--["COM3"]--
2019-07-16 17:40:10.5239 [DEBUG]£º-------------str:"COM10"-----------------------
2019-07-16 17:40:10.5239 [DEBUG]£º-------------str:"COM11"-----------------------
2019-07-16 17:40:10.5239 [DEBUG]£º-------------str:"COM3"-----------------------
2019-07-16 17:40:10.5239 [DEBUG]£º------tttt-------srl:"COM3"-----------------------
2019-07-16 17:40:10.5239 [INFO]£º---por attr---"COM3"--1200--8---1--0------------
2019-07-16 17:40:11.5731 [DEBUG]£ºaddrin -Text--["3"]------
2019-07-16 17:40:11.5731 [DEBUG]£ºaddrin -int--[3]------
2019-07-16 17:40:11.5731 [DEBUG]£º-----------------------sendframe["W3PDQH&PDI+"]--------
2019-07-16 17:40:14.9422 [DEBUG]£ºsend-frame ["W3PDQH&PDI+"]------
2019-07-16 17:40:14.9422 [DEBUG]£º---------1--------------s[57]--------
2019-07-16 17:40:14.9422 [DEBUG]£º---------1--------------s[33]--------
2019-07-16 17:40:14.9422 [DEBUG]£º---------1--------------s[50]--------
2019-07-16 17:40:14.9422 [DEBUG]£º---------1--------------s[44]--------
2019-07-16 17:40:14.9422 [DEBUG]£º---------1--------------s[51]--------
2019-07-16 17:40:14.9422 [DEBUG]£º---------1--------------s[48]--------
2019-07-16 17:40:14.9422 [DEBUG]£º---------1--------------s[26]--------
2019-07-16 17:40:14.9422 [DEBUG]£º---------1--------------s[50]--------
2019-07-16 17:40:14.9422 [DEBUG]£º---------1--------------s[44]--------
2019-07-16 17:40:14.9422 [DEBUG]£º---------1--------------s[49]--------
2019-07-16 17:40:14.9539 [DEBUG]£º---------1--------------s[2b]--------
2019-07-16 17:40:14.9539 [DEBUG]£º---------1--------------s[0d]--------
2019-07-16 17:40:14.9539 [DEBUG]£º------------2-----------s[57]--------
2019-07-16 17:40:14.9539 [DEBUG]£º------------2-----------s[33]--------
2019-07-16 17:40:14.9539 [DEBUG]£º------------2-----------s[50]--------
2019-07-16 17:40:14.9539 [DEBUG]£º------------2-----------s[44]--------
2019-07-16 17:40:14.9539 [DEBUG]£º------------2-----------s[51]--------
2019-07-16 17:40:14.9539 [DEBUG]£º------------2-----------s[48]--------
2019-07-16 17:40:14.9539 [DEBUG]£º------------2-----------s[26]--------
2019-07-16 17:40:14.9539 [DEBUG]£º------------2-----------s[50]--------
2019-07-16 17:40:14.9539 [DEBUG]£º------------2-----------s[44]--------
2019-07-16 17:40:14.9539 [DEBUG]£º------------2-----------s[49]--------
2019-07-16 17:40:14.9539 [DEBUG]£º------------2-----------s[2b]--------
2019-07-16 17:40:14.9539 [DEBUG]£º------------2-----------s[0d]--------
2019-07-16 17:40:15.3561 [DEBUG]£ºsend-frame ["W3PDQH&PDI+"]------
2019-07-16 17:40:15.3561 [DEBUG]£º---------1--------------s[57]--------
2019-07-16 17:40:15.3561 [DEBUG]£º---------1--------------s[33]--------
2019-07-16 17:40:15.3561 [DEBUG]£º---------1--------------s[50]--------
2019-07-16 17:40:15.3561 [DEBUG]£º---------1--------------s[44]--------
2019-07-16 17:40:15.3561 [DEBUG]£º---------1--------------s[51]--------
2019-07-16 17:40:15.3561 [DEBUG]£º---------1--------------s[48]--------
2019-07-16 17:40:15.3609 [DEBUG]£º---------1--------------s[26]--------
2019-07-16 17:40:15.3609 [DEBUG]£º---------1--------------s[50]--------
2019-07-16 17:40:15.3609 [DEBUG]£º---------1--------------s[44]--------
2019-07-16 17:40:15.3609 [DEBUG]£º---------1--------------s[49]--------
2019-07-16 17:40:15.3609 [DEBUG]£º---------1--------------s[2b]--------
2019-07-16 17:40:15.3609 [DEBUG]£º---------1--------------s[0d]--------
2019-07-16 17:40:15.3609 [DEBUG]£º------------2-----------s[57]--------
2019-07-16 17:40:15.3609 [DEBUG]£º------------2-----------s[33]--------
2019-07-16 17:40:15.3609 [DEBUG]£º------------2-----------s[50]--------
2019-07-16 17:40:15.3609 [DEBUG]£º------------2-----------s[44]--------
2019-07-16 17:40:15.3609 [DEBUG]£º------------2-----------s[51]--------
2019-07-16 17:40:15.3609 [DEBUG]£º------------2-----------s[48]--------
2019-07-16 17:40:15.3609 [DEBUG]£º------------2-----------s[26]--------
2019-07-16 17:40:15.3609 [DEBUG]£º------------2-----------s[50]--------
2019-07-16 17:40:15.3609 [DEBUG]£º------------2-----------s[44]--------
2019-07-16 17:40:15.3609 [DEBUG]£º------------2-----------s[49]--------
2019-07-16 17:40:15.3609 [DEBUG]£º------------2-----------s[2b]--------
2019-07-16 17:40:15.3609 [DEBUG]£º------------2-----------s[0d]--------
2019-07-16 17:40:15.6371 [DEBUG]£ºsend-frame ["W3PDQH&PDI+"]------
2019-07-16 17:40:15.6371 [DEBUG]£º---------1--------------s[57]--------
2019-07-16 17:40:15.6371 [DEBUG]£º---------1--------------s[33]--------
2019-07-16 17:40:15.6371 [DEBUG]£º---------1--------------s[50]--------
2019-07-16 17:40:15.6371 [DEBUG]£º---------1--------------s[44]--------
2019-07-16 17:40:15.6371 [DEBUG]£º---------1--------------s[51]--------
2019-07-16 17:40:15.6371 [DEBUG]£º---------1--------------s[48]--------
2019-07-16 17:40:15.6420 [DEBUG]£º---------1--------------s[26]--------
2019-07-16 17:40:15.6420 [DEBUG]£º---------1--------------s[50]--------
2019-07-16 17:40:15.6420 [DEBUG]£º---------1--------------s[44]--------
2019-07-16 17:40:15.6420 [DEBUG]£º---------1--------------s[49]--------
2019-07-16 17:40:15.6420 [DEBUG]£º---------1--------------s[2b]--------
2019-07-16 17:40:15.6420 [DEBUG]£º---------1--------------s[0d]--------
2019-07-16 17:40:15.6420 [DEBUG]£º------------2-----------s[57]--------
2019-07-16 17:40:15.6420 [DEBUG]£º------------2-----------s[33]--------
2019-07-16 17:40:15.6420 [DEBUG]£º------------2-----------s[50]--------
2019-07-16 17:40:15.6420 [DEBUG]£º------------2-----------s[44]--------
2019-07-16 17:40:15.6420 [DEBUG]£º------------2-----------s[51]--------
2019-07-16 17:40:15.6420 [DEBUG]£º------------2-----------s[48]--------
2019-07-16 17:40:15.6420 [DEBUG]£º------------2-----------s[26]--------
2019-07-16 17:40:15.6420 [DEBUG]£º------------2-----------s[50]--------
2019-07-16 17:40:15.6420 [DEBUG]£º------------2-----------s[44]--------
2019-07-16 17:40:15.6420 [DEBUG]£º------------2-----------s[49]--------
2019-07-16 17:40:15.6420 [DEBUG]£º------------2-----------s[2b]--------
2019-07-16 17:40:15.6420 [DEBUG]£º------------2-----------s[0d]--------
2019-07-16 17:40:15.7972 [DEBUG]£ºsend-frame ["W3PDQH&PDI+"]------
2019-07-16 17:40:15.7972 [DEBUG]£º---------1--------------s[57]--------
2019-07-16 17:40:15.7982 [DEBUG]£º---------1--------------s[33]--------
2019-07-16 17:40:15.7982 [DEBUG]£º---------1--------------s[50]--------
2019-07-16 17:40:15.7982 [DEBUG]£º---------1--------------s[44]--------
2019-07-16 17:40:15.7982 [DEBUG]£º---------1--------------s[51]--------
2019-07-16 17:40:15.7982 [DEBUG]£º---------1--------------s[48]--------
2019-07-16 17:40:15.7982 [DEBUG]£º---------1--------------s[26]--------
2019-07-16 17:40:15.7982 [DEBUG]£º---------1--------------s[50]--------
2019-07-16 17:40:15.7982 [DEBUG]£º---------1--------------s[44]--------
2019-07-16 17:40:15.7982 [DEBUG]£º---------1--------------s[49]--------
2019-07-16 17:40:15.7982 [DEBUG]£º---------1--------------s[2b]--------
2019-07-16 17:40:15.7982 [DEBUG]£º---------1--------------s[0d]--------
2019-07-16 17:40:15.7982 [DEBUG]£º------------2-----------s[57]--------
2019-07-16 17:40:15.7982 [DEBUG]£º------------2-----------s[33]--------
2019-07-16 17:40:15.7982 [DEBUG]£º------------2-----------s[50]--------
2019-07-16 17:40:15.7982 [DEBUG]£º------------2-----------s[44]--------
2019-07-16 17:40:15.7982 [DEBUG]£º------------2-----------s[51]--------
2019-07-16 17:40:15.7982 [DEBUG]£º------------2-----------s[48]--------
2019-07-16 17:40:15.7982 [DEBUG]£º------------2-----------s[26]--------
2019-07-16 17:40:15.7982 [DEBUG]£º------------2-----------s[50]--------
2019-07-16 17:40:15.7982 [DEBUG]£º------------2-----------s[44]--------
2019-07-16 17:40:15.7982 [DEBUG]£º------------2-----------s[49]--------
2019-07-16 17:40:15.7982 [DEBUG]£º------------2-----------s[2b]--------
2019-07-16 17:40:15.7982 [DEBUG]£º------------2-----------s[0d]--------
2019-07-16 17:40:15.9407 [DEBUG]£ºsend-frame ["W3PDQH&PDI+"]------
2019-07-16 17:40:15.9407 [DEBUG]£º---------1--------------s[57]--------
2019-07-16 17:40:15.9407 [DEBUG]£º---------1--------------s[33]--------
2019-07-16 17:40:15.9407 [DEBUG]£º---------1--------------s[50]--------
2019-07-16 17:40:15.9407 [DEBUG]£º---------1--------------s[44]--------
2019-07-16 17:40:15.9407 [DEBUG]£º---------1--------------s[51]--------
2019-07-16 17:40:15.9407 [DEBUG]£º---------1--------------s[48]--------
2019-07-16 17:40:15.9407 [DEBUG]£º---------1--------------s[26]--------
2019-07-16 17:40:15.9407 [DEBUG]£º---------1--------------s[50]--------
2019-07-16 17:40:15.9407 [DEBUG]£º---------1--------------s[44]--------
2019-07-16 17:40:15.9407 [DEBUG]£º---------1--------------s[49]--------
2019-07-16 17:40:15.9407 [DEBUG]£º---------1--------------s[2b]--------
2019-07-16 17:40:15.9407 [DEBUG]£º---------1--------------s[0d]--------
2019-07-16 17:40:15.9407 [DEBUG]£º------------2-----------s[57]--------
2019-07-16 17:40:15.9407 [DEBUG]£º------------2-----------s[33]--------
2019-07-16 17:40:15.9407 [DEBUG]£º------------2-----------s[50]--------
2019-07-16 17:40:15.9407 [DEBUG]£º------------2-----------s[44]--------
2019-07-16 17:40:15.9407 [DEBUG]£º------------2-----------s[51]--------
2019-07-16 17:40:15.9407 [DEBUG]£º------------2-----------s[48]--------
2019-07-16 17:40:15.9407 [DEBUG]£º------------2-----------s[26]--------
2019-07-16 17:40:15.9407 [DEBUG]£º------------2-----------s[50]--------
2019-07-16 17:40:15.9407 [DEBUG]£º------------2-----------s[44]--------
2019-07-16 17:40:15.9407 [DEBUG]£º------------2-----------s[49]--------
2019-07-16 17:40:15.9582 [DEBUG]£º------------2-----------s[2b]--------
2019-07-16 17:40:15.9582 [DEBUG]£º------------2-----------s[0d]--------
2019-07-16 17:40:16.1007 [DEBUG]£ºsend-frame ["W3PDQH&PDI+"]------
2019-07-16 17:40:16.1007 [DEBUG]£º---------1--------------s[57]--------
2019-07-16 17:40:16.1007 [DEBUG]£º---------1--------------s[33]--------
2019-07-16 17:40:16.1007 [DEBUG]£º---------1--------------s[50]--------
2019-07-16 17:40:16.1007 [DEBUG]£º---------1--------------s[44]--------
2019-07-16 17:40:16.1007 [DEBUG]£º---------1--------------s[51]--------
2019-07-16 17:40:16.1007 [DEBUG]£º---------1--------------s[48]--------
2019-07-16 17:40:16.1007 [DEBUG]£º---------1--------------s[26]--------
2019-07-16 17:40:16.1007 [DEBUG]£º---------1--------------s[50]--------
2019-07-16 17:40:16.1007 [DEBUG]£º---------1--------------s[44]--------
2019-07-16 17:40:16.1007 [DEBUG]£º---------1--------------s[49]--------
2019-07-16 17:40:16.1007 [DEBUG]£º---------1--------------s[2b]--------
2019-07-16 17:40:16.1007 [DEBUG]£º---------1--------------s[0d]--------
2019-07-16 17:40:16.1007 [DEBUG]£º------------2-----------s[57]--------
2019-07-16 17:40:16.1007 [DEBUG]£º------------2-----------s[33]--------
2019-07-16 17:40:16.1007 [DEBUG]£º------------2-----------s[50]--------
2019-07-16 17:40:16.1105 [DEBUG]£º------------2-----------s[44]--------
2019-07-16 17:40:16.1105 [DEBUG]£º------------2-----------s[51]--------
2019-07-16 17:40:16.1105 [DEBUG]£º------------2-----------s[48]--------
2019-07-16 17:40:16.1105 [DEBUG]£º------------2-----------s[26]--------
2019-07-16 17:40:16.1105 [DEBUG]£º------------2-----------s[50]--------
2019-07-16 17:40:16.1105 [DEBUG]£º------------2-----------s[44]--------
2019-07-16 17:40:16.1105 [DEBUG]£º------------2-----------s[49]--------
2019-07-16 17:40:16.1105 [DEBUG]£º------------2-----------s[2b]--------
2019-07-16 17:40:16.1105 [DEBUG]£º------------2-----------s[0d]--------
2019-07-16 17:40:16.2608 [DEBUG]£ºsend-frame ["W3PDQH&PDI+"]------
2019-07-16 17:40:16.2608 [DEBUG]£º---------1--------------s[57]--------
2019-07-16 17:40:16.2608 [DEBUG]£º---------1--------------s[33]--------
2019-07-16 17:40:16.2608 [DEBUG]£º---------1--------------s[50]--------
2019-07-16 17:40:16.2608 [DEBUG]£º---------1--------------s[44]--------
2019-07-16 17:40:16.2608 [DEBUG]£º---------1--------------s[51]--------
2019-07-16 17:40:16.2608 [DEBUG]£º---------1--------------s[48]--------
2019-07-16 17:40:16.2608 [DEBUG]£º---------1--------------s[26]--------
2019-07-16 17:40:16.2608 [DEBUG]£º---------1--------------s[50]--------
2019-07-16 17:40:16.2667 [DEBUG]£º---------1--------------s[44]--------
2019-07-16 17:40:16.2667 [DEBUG]£º---------1--------------s[49]--------
2019-07-16 17:40:16.2667 [DEBUG]£º---------1--------------s[2b]--------
2019-07-16 17:40:16.2667 [DEBUG]£º---------1--------------s[0d]--------
2019-07-16 17:40:16.2667 [DEBUG]£º------------2-----------s[57]--------
2019-07-16 17:40:16.2667 [DEBUG]£º------------2-----------s[33]--------
2019-07-16 17:40:16.2667 [DEBUG]£º------------2-----------s[50]--------
2019-07-16 17:40:16.2667 [DEBUG]£º------------2-----------s[44]--------
2019-07-16 17:40:16.2667 [DEBUG]£º------------2-----------s[51]--------
2019-07-16 17:40:16.2667 [DEBUG]£º------------2-----------s[48]--------
2019-07-16 17:40:16.2667 [DEBUG]£º------------2-----------s[26]--------
2019-07-16 17:40:16.2667 [DEBUG]£º------------2-----------s[50]--------
2019-07-16 17:40:16.2667 [DEBUG]£º------------2-----------s[44]--------
2019-07-16 17:40:16.2667 [DEBUG]£º------------2-----------s[49]--------
2019-07-16 17:40:16.2667 [DEBUG]£º------------2-----------s[2b]--------
2019-07-16 17:40:16.2667 [DEBUG]£º------------2-----------s[0d]--------
2019-07-16 17:40:16.4209 [DEBUG]£ºsend-frame ["W3PDQH&PDI+"]------
2019-07-16 17:40:16.4209 [DEBUG]£º---------1--------------s[57]--------
2019-07-16 17:40:16.4228 [DEBUG]£º---------1--------------s[33]--------
2019-07-16 17:40:16.4228 [DEBUG]£º---------1--------------s[50]--------
2019-07-16 17:40:16.4228 [DEBUG]£º---------1--------------s[44]--------
2019-07-16 17:40:16.4228 [DEBUG]£º---------1--------------s[51]--------
2019-07-16 17:40:16.4228 [DEBUG]£º---------1--------------s[48]--------
2019-07-16 17:40:16.4228 [DEBUG]£º---------1--------------s[26]--------
2019-07-16 17:40:16.4228 [DEBUG]£º---------1--------------s[50]--------
2019-07-16 17:40:16.4228 [DEBUG]£º---------1--------------s[44]--------
2019-07-16 17:40:16.4228 [DEBUG]£º---------1--------------s[49]--------
2019-07-16 17:40:16.4228 [DEBUG]£º---------1--------------s[2b]--------
2019-07-16 17:40:16.4228 [DEBUG]£º---------1--------------s[0d]--------
2019-07-16 17:40:16.4228 [DEBUG]£º------------2-----------s[57]--------
2019-07-16 17:40:16.4228 [DEBUG]£º------------2-----------s[33]--------
2019-07-16 17:40:16.4228 [DEBUG]£º------------2-----------s[50]--------
2019-07-16 17:40:16.4228 [DEBUG]£º------------2-----------s[44]--------
2019-07-16 17:40:16.4228 [DEBUG]£º------------2-----------s[51]--------
2019-07-16 17:40:16.4228 [DEBUG]£º------------2-----------s[48]--------
2019-07-16 17:40:16.4228 [DEBUG]£º------------2-----------s[26]--------
2019-07-16 17:40:16.4228 [DEBUG]£º------------2-----------s[50]--------
2019-07-16 17:40:16.4228 [DEBUG]£º------------2-----------s[44]--------
2019-07-16 17:40:16.4228 [DEBUG]£º------------2-----------s[49]--------
2019-07-16 17:40:16.4228 [DEBUG]£º------------2-----------s[2b]--------
2019-07-16 17:40:16.4228 [DEBUG]£º------------2-----------s[0d]--------
2019-07-16 17:40:17.4203 [DEBUG]£ºsend-frame ["W3PDQH&PDI+"]------
2019-07-16 17:40:17.4203 [DEBUG]£º---------1--------------s[57]--------
2019-07-16 17:40:17.4203 [DEBUG]£º---------1--------------s[33]--------
2019-07-16 17:40:17.4203 [DEBUG]£º---------1--------------s[50]--------
2019-07-16 17:40:17.4232 [DEBUG]£º---------1--------------s[44]--------
2019-07-16 17:40:17.4232 [DEBUG]£º---------1--------------s[51]--------
2019-07-16 17:40:17.4232 [DEBUG]£º---------1--------------s[48]--------
2019-07-16 17:40:17.4232 [DEBUG]£º---------1--------------s[26]--------
2019-07-16 17:40:17.4232 [DEBUG]£º---------1--------------s[50]--------
2019-07-16 17:40:17.4232 [DEBUG]£º---------1--------------s[44]--------
2019-07-16 17:40:17.4232 [DEBUG]£º---------1--------------s[49]--------
2019-07-16 17:40:17.4232 [DEBUG]£º---------1--------------s[2b]--------
2019-07-16 17:40:17.4232 [DEBUG]£º---------1--------------s[0d]--------
2019-07-16 17:40:17.4232 [DEBUG]£º------------2-----------s[57]--------
2019-07-16 17:40:17.4232 [DEBUG]£º------------2-----------s[33]--------
2019-07-16 17:40:17.4232 [DEBUG]£º------------2-----------s[50]--------
2019-07-16 17:40:17.4232 [DEBUG]£º------------2-----------s[44]--------
2019-07-16 17:40:17.4232 [DEBUG]£º------------2-----------s[51]--------
2019-07-16 17:40:17.4232 [DEBUG]£º------------2-----------s[48]--------
2019-07-16 17:40:17.4232 [DEBUG]£º------------2-----------s[26]--------
2019-07-16 17:40:17.4232 [DEBUG]£º------------2-----------s[50]--------
2019-07-16 17:40:17.4232 [DEBUG]£º------------2-----------s[44]--------
2019-07-16 17:40:17.4232 [DEBUG]£º------------2-----------s[49]--------
2019-07-16 17:40:17.4232 [DEBUG]£º------------2-----------s[2b]--------
2019-07-16 17:40:17.4232 [DEBUG]£º------------2-----------s[0d]--------
2019-07-16 17:40:17.5804 [DEBUG]£ºsend-frame ["W3PDQH&PDI+"]------
2019-07-16 17:40:17.5804 [DEBUG]£º---------1--------------s[57]--------
2019-07-16 17:40:17.5804 [DEBUG]£º---------1--------------s[33]--------
2019-07-16 17:40:17.5804 [DEBUG]£º---------1--------------s[50]--------
2019-07-16 17:40:17.5804 [DEBUG]£º---------1--------------s[44]--------
2019-07-16 17:40:17.5804 [DEBUG]£º---------1--------------s[51]--------
2019-07-16 17:40:17.5804 [DEBUG]£º---------1--------------s[48]--------
2019-07-16 17:40:17.5804 [DEBUG]£º---------1--------------s[26]--------
2019-07-16 17:40:17.5804 [DEBUG]£º---------1--------------s[50]--------
2019-07-16 17:40:17.5804 [DEBUG]£º---------1--------------s[44]--------
2019-07-16 17:40:17.5804 [DEBUG]£º---------1--------------s[49]--------
2019-07-16 17:40:17.5804 [DEBUG]£º---------1--------------s[2b]--------
2019-07-16 17:40:17.5804 [DEBUG]£º---------1--------------s[0d]--------
2019-07-16 17:40:17.5979 [DEBUG]£º------------2-----------s[57]--------
2019-07-16 17:40:17.5979 [DEBUG]£º------------2-----------s[33]--------
2019-07-16 17:40:17.5979 [DEBUG]£º------------2-----------s[50]--------
2019-07-16 17:40:17.5979 [DEBUG]£º------------2-----------s[44]--------
2019-07-16 17:40:17.5979 [DEBUG]£º------------2-----------s[51]--------
2019-07-16 17:40:17.5979 [DEBUG]£º------------2-----------s[48]--------
2019-07-16 17:40:17.5979 [DEBUG]£º------------2-----------s[26]--------
2019-07-16 17:40:17.5979 [DEBUG]£º------------2-----------s[50]--------
2019-07-16 17:40:17.5979 [DEBUG]£º------------2-----------s[44]--------
2019-07-16 17:40:17.5979 [DEBUG]£º------------2-----------s[49]--------
2019-07-16 17:40:17.5979 [DEBUG]£º------------2-----------s[2b]--------
2019-07-16 17:40:17.5979 [DEBUG]£º------------2-----------s[0d]--------
2019-07-16 17:40:17.7570 [DEBUG]£ºsend-frame ["W3PDQH&PDI+"]------
2019-07-16 17:40:17.7570 [DEBUG]£º---------1--------------s[57]--------
2019-07-16 17:40:17.7570 [DEBUG]£º---------1--------------s[33]--------
2019-07-16 17:40:17.7570 [DEBUG]£º---------1--------------s[50]--------
2019-07-16 17:40:17.7570 [DEBUG]£º---------1--------------s[44]--------
2019-07-16 17:40:17.7570 [DEBUG]£º---------1--------------s[51]--------
2019-07-16 17:40:17.7570 [DEBUG]£º---------1--------------s[48]--------
2019-07-16 17:40:17.7570 [DEBUG]£º---------1--------------s[26]--------
2019-07-16 17:40:17.7570 [DEBUG]£º---------1--------------s[50]--------
2019-07-16 17:40:17.7570 [DEBUG]£º---------1--------------s[44]--------
2019-07-16 17:40:17.7570 [DEBUG]£º---------1--------------s[49]--------
2019-07-16 17:40:17.7570 [DEBUG]£º---------1--------------s[2b]--------
2019-07-16 17:40:17.7570 [DEBUG]£º---------1--------------s[0d]--------
2019-07-16 17:40:17.7570 [DEBUG]£º------------2-----------s[57]--------
2019-07-16 17:40:17.7668 [DEBUG]£º------------2-----------s[33]--------
2019-07-16 17:40:17.7668 [DEBUG]£º------------2-----------s[50]--------
2019-07-16 17:40:17.7668 [DEBUG]£º------------2-----------s[44]--------
2019-07-16 17:40:17.7668 [DEBUG]£º------------2-----------s[51]--------
2019-07-16 17:40:17.7668 [DEBUG]£º------------2-----------s[48]--------
2019-07-16 17:40:17.7668 [DEBUG]£º------------2-----------s[26]--------
2019-07-16 17:40:17.7668 [DEBUG]£º------------2-----------s[50]--------
2019-07-16 17:40:17.7668 [DEBUG]£º------------2-----------s[44]--------
2019-07-16 17:40:17.7668 [DEBUG]£º------------2-----------s[49]--------
2019-07-16 17:40:17.7668 [DEBUG]£º------------2-----------s[2b]--------
2019-07-16 17:40:17.7668 [DEBUG]£º------------2-----------s[0d]--------
2019-07-16 17:40:19.5870 [DEBUG]£ºaddrin -Text--["4"]------
2019-07-16 17:40:19.5870 [DEBUG]£ºaddrin -int--[4]------
2019-07-16 17:40:19.5870 [DEBUG]£º-----------------------sendframe["W4PDQH&PDI+"]--------
2019-07-16 17:40:20.7250 [DEBUG]£ºsend-frame ["W4PDQH&PDI+"]------
2019-07-16 17:40:20.7250 [DEBUG]£º---------1--------------s[57]--------
2019-07-16 17:40:20.7250 [DEBUG]£º---------1--------------s[34]--------
2019-07-16 17:40:20.7250 [DEBUG]£º---------1--------------s[50]--------
2019-07-16 17:40:20.7250 [DEBUG]£º---------1--------------s[44]--------
2019-07-16 17:40:20.7250 [DEBUG]£º---------1--------------s[51]--------
2019-07-16 17:40:20.7250 [DEBUG]£º---------1--------------s[48]--------
2019-07-16 17:40:20.7250 [DEBUG]£º---------1--------------s[26]--------
2019-07-16 17:40:20.7250 [DEBUG]£º---------1--------------s[50]--------
2019-07-16 17:40:20.7250 [DEBUG]£º---------1--------------s[44]--------
2019-07-16 17:40:20.7250 [DEBUG]£º---------1--------------s[49]--------
2019-07-16 17:40:20.7250 [DEBUG]£º---------1--------------s[2b]--------
2019-07-16 17:40:20.7250 [DEBUG]£º---------1--------------s[0d]--------
2019-07-16 17:40:20.7250 [DEBUG]£º------------2-----------s[57]--------
2019-07-16 17:40:20.7250 [DEBUG]£º------------2-----------s[34]--------
2019-07-16 17:40:20.7250 [DEBUG]£º------------2-----------s[50]--------
2019-07-16 17:40:20.7250 [DEBUG]£º------------2-----------s[44]--------
2019-07-16 17:40:20.7358 [DEBUG]£º------------2-----------s[51]--------
2019-07-16 17:40:20.7358 [DEBUG]£º------------2-----------s[48]--------
2019-07-16 17:40:20.7358 [DEBUG]£º------------2-----------s[26]--------
2019-07-16 17:40:20.7358 [DEBUG]£º------------2-----------s[50]--------
2019-07-16 17:40:20.7358 [DEBUG]£º------------2-----------s[44]--------
2019-07-16 17:40:20.7358 [DEBUG]£º------------2-----------s[49]--------
2019-07-16 17:40:20.7358 [DEBUG]£º------------2-----------s[2b]--------
2019-07-16 17:40:20.7358 [DEBUG]£º------------2-----------s[0d]--------
2019-07-16 17:40:21.0852 [DEBUG]£ºsend-frame ["W4PDQH&PDI+"]------
2019-07-16 17:40:21.0852 [DEBUG]£º---------1--------------s[57]--------
2019-07-16 17:40:21.0852 [DEBUG]£º---------1--------------s[34]--------
2019-07-16 17:40:21.0852 [DEBUG]£º---------1--------------s[50]--------
2019-07-16 17:40:21.0852 [DEBUG]£º---------1--------------s[44]--------
2019-07-16 17:40:21.0852 [DEBUG]£º---------1--------------s[51]--------
2019-07-16 17:40:21.0852 [DEBUG]£º---------1--------------s[48]--------
2019-07-16 17:40:21.0852 [DEBUG]£º---------1--------------s[26]--------
2019-07-16 17:40:21.0852 [DEBUG]£º---------1--------------s[50]--------
2019-07-16 17:40:21.0852 [DEBUG]£º---------1--------------s[44]--------
2019-07-16 17:40:21.0852 [DEBUG]£º---------1--------------s[49]--------
2019-07-16 17:40:21.0852 [DEBUG]£º---------1--------------s[2b]--------
2019-07-16 17:40:21.0852 [DEBUG]£º---------1--------------s[0d]--------
2019-07-16 17:40:21.0852 [DEBUG]£º------------2-----------s[57]--------
2019-07-16 17:40:21.0852 [DEBUG]£º------------2-----------s[34]--------
2019-07-16 17:40:21.0852 [DEBUG]£º------------2-----------s[50]--------
2019-07-16 17:40:21.0852 [DEBUG]£º------------2-----------s[44]--------
2019-07-16 17:40:21.0949 [DEBUG]£º------------2-----------s[51]--------
2019-07-16 17:40:21.0949 [DEBUG]£º------------2-----------s[48]--------
2019-07-16 17:40:21.0949 [DEBUG]£º------------2-----------s[26]--------
2019-07-16 17:40:21.0949 [DEBUG]£º------------2-----------s[50]--------
2019-07-16 17:40:21.0949 [DEBUG]£º------------2-----------s[44]--------
2019-07-16 17:40:21.0949 [DEBUG]£º------------2-----------s[49]--------
2019-07-16 17:40:21.0949 [DEBUG]£º------------2-----------s[2b]--------
2019-07-16 17:40:21.0949 [DEBUG]£º------------2-----------s[0d]--------
2019-07-16 17:40:21.2531 [DEBUG]£ºsend-frame ["W4PDQH&PDI+"]------
2019-07-16 17:40:21.2531 [DEBUG]£º---------1--------------s[57]--------
2019-07-16 17:40:21.2531 [DEBUG]£º---------1--------------s[34]--------
2019-07-16 17:40:21.2531 [DEBUG]£º---------1--------------s[50]--------
2019-07-16 17:40:21.2531 [DEBUG]£º---------1--------------s[44]--------
2019-07-16 17:40:21.2531 [DEBUG]£º---------1--------------s[51]--------
2019-07-16 17:40:21.2531 [DEBUG]£º---------1--------------s[48]--------
2019-07-16 17:40:21.2531 [DEBUG]£º---------1--------------s[26]--------
2019-07-16 17:40:21.2531 [DEBUG]£º---------1--------------s[50]--------
2019-07-16 17:40:21.2531 [DEBUG]£º---------1--------------s[44]--------
2019-07-16 17:40:21.2531 [DEBUG]£º---------1--------------s[49]--------
2019-07-16 17:40:21.2531 [DEBUG]£º---------1--------------s[2b]--------
2019-07-16 17:40:21.2531 [DEBUG]£º---------1--------------s[0d]--------
2019-07-16 17:40:21.2531 [DEBUG]£º------------2-----------s[57]--------
2019-07-16 17:40:21.2531 [DEBUG]£º------------2-----------s[34]--------
2019-07-16 17:40:21.2531 [DEBUG]£º------------2-----------s[50]--------
2019-07-16 17:40:21.2531 [DEBUG]£º------------2-----------s[44]--------
2019-07-16 17:40:21.2531 [DEBUG]£º------------2-----------s[51]--------
2019-07-16 17:40:21.2531 [DEBUG]£º------------2-----------s[48]--------
2019-07-16 17:40:21.2531 [DEBUG]£º------------2-----------s[26]--------
2019-07-16 17:40:21.2531 [DEBUG]£º------------2-----------s[50]--------
2019-07-16 17:40:21.2667 [DEBUG]£º------------2-----------s[44]--------
2019-07-16 17:40:21.2667 [DEBUG]£º------------2-----------s[49]--------
2019-07-16 17:40:21.2667 [DEBUG]£º------------2-----------s[2b]--------
2019-07-16 17:40:21.2667 [DEBUG]£º------------2-----------s[0d]--------
2019-07-16 17:40:21.4522 [DEBUG]£ºsend-frame ["W4PDQH&PDI+"]------
2019-07-16 17:40:21.4522 [DEBUG]£º---------1--------------s[57]--------
2019-07-16 17:40:21.4522 [DEBUG]£º---------1--------------s[34]--------
2019-07-16 17:40:21.4541 [DEBUG]£º---------1--------------s[50]--------
2019-07-16 17:40:21.4541 [DEBUG]£º---------1--------------s[44]--------
2019-07-16 17:40:21.4541 [DEBUG]£º---------1--------------s[51]--------
2019-07-16 17:40:21.4541 [DEBUG]£º---------1--------------s[48]--------
2019-07-16 17:40:21.4541 [DEBUG]£º---------1--------------s[26]--------
2019-07-16 17:40:21.4541 [DEBUG]£º---------1--------------s[50]--------
2019-07-16 17:40:21.4541 [DEBUG]£º---------1--------------s[44]--------
2019-07-16 17:40:21.4541 [DEBUG]£º---------1--------------s[49]--------
2019-07-16 17:40:21.4541 [DEBUG]£º---------1--------------s[2b]--------
2019-07-16 17:40:21.4541 [DEBUG]£º---------1--------------s[0d]--------
2019-07-16 17:40:21.4541 [DEBUG]£º------------2-----------s[57]--------
2019-07-16 17:40:21.4541 [DEBUG]£º------------2-----------s[34]--------
2019-07-16 17:40:21.4541 [DEBUG]£º------------2-----------s[50]--------
2019-07-16 17:40:21.4541 [DEBUG]£º------------2-----------s[44]--------
2019-07-16 17:40:21.4541 [DEBUG]£º------------2-----------s[51]--------
2019-07-16 17:40:21.4541 [DEBUG]£º------------2-----------s[48]--------
2019-07-16 17:40:21.4541 [DEBUG]£º------------2-----------s[26]--------
2019-07-16 17:40:21.4541 [DEBUG]£º------------2-----------s[50]--------
2019-07-16 17:40:21.4541 [DEBUG]£º------------2-----------s[44]--------
2019-07-16 17:40:21.4541 [DEBUG]£º------------2-----------s[49]--------
2019-07-16 17:40:21.4541 [DEBUG]£º------------2-----------s[2b]--------
2019-07-16 17:40:21.4541 [DEBUG]£º------------2-----------s[0d]--------
2019-07-16 17:40:48.4152 [INFO]£ºSerail_read_byte ------read data  -len-[3]
2019-07-16 17:40:48.4269 [DEBUG]£º------------[12]-----
2019-07-16 17:40:48.4269 [DEBUG]£º------------[12]-----
2019-07-16 17:40:48.4269 [DEBUG]£º------------[12]-----
2019-07-16 17:52:35.4134 [DEBUG]£ºsend-frame ["W4PDQH&PDI+"]------
2019-07-16 17:52:35.4134 [DEBUG]£º---------1--------------s[57]--------
2019-07-16 17:52:35.4134 [DEBUG]£º---------1--------------s[34]--------
2019-07-16 17:52:35.4134 [DEBUG]£º---------1--------------s[50]--------
2019-07-16 17:52:35.4134 [DEBUG]£º---------1--------------s[44]--------
2019-07-16 17:52:35.4134 [DEBUG]£º---------1--------------s[51]--------
2019-07-16 17:52:35.4134 [DEBUG]£º---------1--------------s[48]--------
2019-07-16 17:52:35.4134 [DEBUG]£º---------1--------------s[26]--------
2019-07-16 17:52:35.4134 [DEBUG]£º---------1--------------s[50]--------
2019-07-16 17:52:35.4134 [DEBUG]£º---------1--------------s[44]--------
2019-07-16 17:52:35.4134 [DEBUG]£º---------1--------------s[49]--------
2019-07-16 17:52:35.4134 [DEBUG]£º---------1--------------s[2b]--------
2019-07-16 17:52:35.4134 [DEBUG]£º---------1--------------s[0d]--------
2019-07-16 17:52:35.4134 [DEBUG]£º------------2-----------s[57]--------
2019-07-16 17:52:35.4134 [DEBUG]£º------------2-----------s[34]--------
2019-07-16 17:52:35.4232 [DEBUG]£º------------2-----------s[50]--------
2019-07-16 17:52:35.4232 [DEBUG]£º------------2-----------s[44]--------
2019-07-16 17:52:35.4232 [DEBUG]£º------------2-----------s[51]--------
2019-07-16 17:52:35.4232 [DEBUG]£º------------2-----------s[48]--------
2019-07-16 17:52:35.4232 [DEBUG]£º------------2-----------s[26]--------
2019-07-16 17:52:35.4232 [DEBUG]£º------------2-----------s[50]--------
2019-07-16 17:52:35.4232 [DEBUG]£º------------2-----------s[44]--------
2019-07-16 17:52:35.4232 [DEBUG]£º------------2-----------s[49]--------
2019-07-16 17:52:35.4232 [DEBUG]£º------------2-----------s[2b]--------
2019-07-16 17:52:35.4232 [DEBUG]£º------------2-----------s[0d]--------
2019-07-16 17:52:48.7671 [INFO]£ºSerail_read_byte ------read data  -len-[6]
2019-07-16 17:52:48.7671 [DEBUG]£º------------[12]-----
2019-07-16 17:52:48.7671 [DEBUG]£º------------[12]-----
2019-07-16 17:52:48.7671 [DEBUG]£º------------[12]-----
2019-07-16 17:52:48.7671 [DEBUG]£º------------[12]-----
2019-07-16 17:52:48.7671 [DEBUG]£º------------[12]-----
2019-07-16 17:52:48.7671 [DEBUG]£º------------[12]-----
2019-07-16 17:54:12.4128 [DEBUG]£ºform1_closed
